{
"contracts\\SimpleStorage.sol":{"l":{"8":3,"21":4,"25":3,"26":2,"27":2,"29":1,"34":4},"path":"E:\\workspace\\blockchain_learning\\_1212\\contracts\\SimpleStorage.sol","s":{"1":3,"2":4,"3":3,"4":2,"5":2,"6":1,"7":4},"b":{"1":[2,1]},"f":{"1":3,"2":4,"3":3,"4":4},"fnMap":{"1":{"name":"constructor","line":7,"loc":{"start":{"line":7,"column":2},"end":{"line":9,"column":2}}},"2":{"name":"retrieve","line":20,"loc":{"start":{"line":20,"column":2},"end":{"line":22,"column":2}}},"3":{"name":"addPerson","line":24,"loc":{"start":{"line":24,"column":2},"end":{"line":31,"column":2}}},"4":{"name":"count","line":33,"loc":{"start":{"line":33,"column":2},"end":{"line":35,"column":2}}}},"statementMap":{"1":{"start":{"line":8,"column":4},"end":{"line":8,"column":21}},"2":{"start":{"line":21,"column":4},"end":{"line":21,"column":42}},"3":{"start":{"line":25,"column":4},"end":{"line":25,"column":520}},"4":{"start":{"line":26,"column":6},"end":{"line":26,"column":50}},"5":{"start":{"line":27,"column":6},"end":{"line":27,"column":17}},"6":{"start":{"line":29,"column":6},"end":{"line":29,"column":45}},"7":{"start":{"line":34,"column":4},"end":{"line":34,"column":18}}},"branchMap":{"1":{"line":25,"type":"if","locations":[{"start":{"line":25,"column":4},"end":{"line":25,"column":4}},{"start":{"line":25,"column":4},"end":{"line":25,"column":4}}]}}}}
